<?xml version="1.0" encoding="UTF-8"?>
<testsuites tests="1" failures="1" errors="1" skipped="0">
  <testsuite name="HomePage Features" timestamp="2024-05-31T19:11:08" time="22.596" tests="1" failures="1" errors="1" skipped="0">
    <properties>
      <property name="specId" value="0"/>
      <property name="suiteName" value="HomePage Features"/>
      <property name="capabilities" value="chrome.125_0_6422_141.mac"/>
      <property name="file" value="file://./test/specs/home_test.ts"/>
    </properties>
    <testcase classname="chrome.125_0_6422_141.mac.HomePage_Features" name="C29672 Website Main Pages Verify Landing Page opens error free" time="5.131">
      <failure/>
      <error message="expect(received).toEqual(expected) // deep equality&#xA;&#xA;- Expected  - 1&#xA;+ Received  + 0&#xA;&#xA;  Array [&#xA;    &quot;Productos&quot;,&#xA;    &quot;Sobre Nosotros&quot;,&#xA;    &quot;Contáctenos&quot;,&#xA;    &quot;INICIE iCONSULTA GRATIS&quot;,&#xA;-   &quot;INICIAR SESIÓN&quot;,&#xA;    &quot;EMPIEZA CON iCONSULT&quot;,&#xA;    &quot;Impotencia&quot;,&#xA;    &quot;Eyaculación precoz&quot;,&#xA;    &quot;Alopecia&quot;,&#xA;    &quot;Herpes Genital&quot;,&#xA;    &quot;INICIE iCONSULTA GRATIS&quot;,&#xA;    &quot;Conozca más sobre Viapromeds y el Dr. Daniel Linares, MD.&quot;,&#xA;    &quot;Tadalafil&quot;,&#xA;    &quot;Sildenafil&quot;,&#xA;    &quot;Paroxetine&quot;,&#xA;    &quot;Finasteride&quot;,&#xA;    &quot;Acyclovir&quot;,&#xA;    &quot;Términos y Condiciones&quot;,&#xA;    &quot;Consentimiento de Telemedicina&quot;,&#xA;    &quot;Política de Privacidad&quot;,&#xA;    &quot;Sobre Nosotros&quot;,&#xA;    &quot;Contáctenos&quot;,&#xA;    &quot;Cómo funciona&quot;,&#xA;    &quot;Preguntas Frecuentes&quot;,&#xA;    &quot;Blog&quot;,&#xA;  ]"/>
      <system-out><![CDATA[
COMMAND: POST /session/754898800af32f8f6e64ce1e47efa30d/window/maximize - {}
RESULT: {}
COMMAND: POST /session/754898800af32f8f6e64ce1e47efa30d/element - {"using":"xpath","value":"//a[contains(@class, 'Header_nav-link') and contains(@href, '/aboutus')]"}
RESULT: {"using":"xpath","value":"//a[contains(@class, 'Header_nav-link') and contains(@href, '/aboutus')]"}
COMMAND: POST /session/754898800af32f8f6e64ce1e47efa30d/execute/sync - {"script":"return (function isElementDisplayed(element) {\n    function nodeIsElement(node) {\n        if (!node) {\n            return false;\n        }\n        switch (node.nodeType) {\n            case Node.ELEMEN ... (8289 more bytes)","args":[{"element-6066-11e4-a52e-4f735466cecf":"f.D46A208E437182318BC0D7275441E5DF.d.CDDE38AE56EEC9B5448E5AA04C3D1F9B.e.57","ELEMENT":"f.D46A208E437182318BC0D7275441E5DF.d.CDDE38AE56EEC9B5448E5AA04C3D1F9B.e.57"}]}
RESULT: {"script":"return (function isElementDisplayed(element) {\n    function nodeIsElement(node) {\n        if (!node) {\n            return false;\n        }\n        switch (node.nodeType) {\n            case Node.ELEMEN ... (8289 more bytes)","args":[{"element-6066-11e4-a52e-4f735466cecf":"f.D46A208E437182318BC0D7275441E5DF.d.CDDE38AE56EEC9B5448E5AA04C3D1F9B.e.57","ELEMENT":"f.D46A208E437182318BC0D7275441E5DF.d.CDDE38AE56EEC9B5448E5AA04C3D1F9B.e.57"}]}
COMMAND: GET /session/754898800af32f8f6e64ce1e47efa30d/url - {}
RESULT: {}
COMMAND: GET /session/754898800af32f8f6e64ce1e47efa30d/title - {}
RESULT: {}
COMMAND: POST /session/754898800af32f8f6e64ce1e47efa30d/elements - {"using":"xpath","value":"//a"}
RESULT: {"using":"xpath","value":"//a"}
COMMAND: GET /session/754898800af32f8f6e64ce1e47efa30d/element/f.D46A208E437182318BC0D7275441E5DF.d.CDDE38AE56EEC9B5448E5AA04C3D1F9B.e.58/text - {}
RESULT: {}
COMMAND: GET /session/754898800af32f8f6e64ce1e47efa30d/element/f.D46A208E437182318BC0D7275441E5DF.d.CDDE38AE56EEC9B5448E5AA04C3D1F9B.e.59/text - {}
RESULT: {}
COMMAND: GET /session/754898800af32f8f6e64ce1e47efa30d/element/f.D46A208E437182318BC0D7275441E5DF.d.CDDE38AE56EEC9B5448E5AA04C3D1F9B.e.60/text - {}
RESULT: {}
COMMAND: GET /session/754898800af32f8f6e64ce1e47efa30d/element/f.D46A208E437182318BC0D7275441E5DF.d.CDDE38AE56EEC9B5448E5AA04C3D1F9B.e.61/text - {}
RESULT: {}
COMMAND: GET /session/754898800af32f8f6e64ce1e47efa30d/element/f.D46A208E437182318BC0D7275441E5DF.d.CDDE38AE56EEC9B5448E5AA04C3D1F9B.e.62/text - {}
RESULT: {}
COMMAND: GET /session/754898800af32f8f6e64ce1e47efa30d/element/f.D46A208E437182318BC0D7275441E5DF.d.CDDE38AE56EEC9B5448E5AA04C3D1F9B.e.63/text - {}
RESULT: {}
COMMAND: GET /session/754898800af32f8f6e64ce1e47efa30d/element/f.D46A208E437182318BC0D7275441E5DF.d.CDDE38AE56EEC9B5448E5AA04C3D1F9B.e.64/text - {}
RESULT: {}
COMMAND: GET /session/754898800af32f8f6e64ce1e47efa30d/element/f.D46A208E437182318BC0D7275441E5DF.d.CDDE38AE56EEC9B5448E5AA04C3D1F9B.e.57/text - {}
RESULT: {}
COMMAND: GET /session/754898800af32f8f6e64ce1e47efa30d/element/f.D46A208E437182318BC0D7275441E5DF.d.CDDE38AE56EEC9B5448E5AA04C3D1F9B.e.65/text - {}
RESULT: {}
COMMAND: GET /session/754898800af32f8f6e64ce1e47efa30d/element/f.D46A208E437182318BC0D7275441E5DF.d.CDDE38AE56EEC9B5448E5AA04C3D1F9B.e.66/text - {}
RESULT: {}
COMMAND: GET /session/754898800af32f8f6e64ce1e47efa30d/element/f.D46A208E437182318BC0D7275441E5DF.d.CDDE38AE56EEC9B5448E5AA04C3D1F9B.e.67/text - {}
RESULT: {}
COMMAND: GET /session/754898800af32f8f6e64ce1e47efa30d/element/f.D46A208E437182318BC0D7275441E5DF.d.CDDE38AE56EEC9B5448E5AA04C3D1F9B.e.33/text - {}
RESULT: {}
COMMAND: GET /session/754898800af32f8f6e64ce1e47efa30d/element/f.D46A208E437182318BC0D7275441E5DF.d.CDDE38AE56EEC9B5448E5AA04C3D1F9B.e.68/text - {}
RESULT: {}
COMMAND: GET /session/754898800af32f8f6e64ce1e47efa30d/element/f.D46A208E437182318BC0D7275441E5DF.d.CDDE38AE56EEC9B5448E5AA04C3D1F9B.e.69/text - {}
RESULT: {}
COMMAND: GET /session/754898800af32f8f6e64ce1e47efa30d/element/f.D46A208E437182318BC0D7275441E5DF.d.CDDE38AE56EEC9B5448E5AA04C3D1F9B.e.70/text - {}
RESULT: {}
COMMAND: GET /session/754898800af32f8f6e64ce1e47efa30d/element/f.D46A208E437182318BC0D7275441E5DF.d.CDDE38AE56EEC9B5448E5AA04C3D1F9B.e.71/text - {}
RESULT: {}
COMMAND: GET /session/754898800af32f8f6e64ce1e47efa30d/element/f.D46A208E437182318BC0D7275441E5DF.d.CDDE38AE56EEC9B5448E5AA04C3D1F9B.e.72/text - {}
RESULT: {}
COMMAND: GET /session/754898800af32f8f6e64ce1e47efa30d/element/f.D46A208E437182318BC0D7275441E5DF.d.CDDE38AE56EEC9B5448E5AA04C3D1F9B.e.73/text - {}
RESULT: {}
COMMAND: GET /session/754898800af32f8f6e64ce1e47efa30d/element/f.D46A208E437182318BC0D7275441E5DF.d.CDDE38AE56EEC9B5448E5AA04C3D1F9B.e.74/text - {}
RESULT: {}
COMMAND: GET /session/754898800af32f8f6e64ce1e47efa30d/element/f.D46A208E437182318BC0D7275441E5DF.d.CDDE38AE56EEC9B5448E5AA04C3D1F9B.e.75/text - {}
RESULT: {}
COMMAND: GET /session/754898800af32f8f6e64ce1e47efa30d/element/f.D46A208E437182318BC0D7275441E5DF.d.CDDE38AE56EEC9B5448E5AA04C3D1F9B.e.76/text - {}
RESULT: {}
COMMAND: GET /session/754898800af32f8f6e64ce1e47efa30d/element/f.D46A208E437182318BC0D7275441E5DF.d.CDDE38AE56EEC9B5448E5AA04C3D1F9B.e.77/text - {}
RESULT: {}
COMMAND: GET /session/754898800af32f8f6e64ce1e47efa30d/element/f.D46A208E437182318BC0D7275441E5DF.d.CDDE38AE56EEC9B5448E5AA04C3D1F9B.e.78/text - {}
RESULT: {}
COMMAND: GET /session/754898800af32f8f6e64ce1e47efa30d/element/f.D46A208E437182318BC0D7275441E5DF.d.CDDE38AE56EEC9B5448E5AA04C3D1F9B.e.42/text - {}
RESULT: {}
COMMAND: GET /session/754898800af32f8f6e64ce1e47efa30d/element/f.D46A208E437182318BC0D7275441E5DF.d.CDDE38AE56EEC9B5448E5AA04C3D1F9B.e.79/text - {}
RESULT: {}
COMMAND: GET /session/754898800af32f8f6e64ce1e47efa30d/element/f.D46A208E437182318BC0D7275441E5DF.d.CDDE38AE56EEC9B5448E5AA04C3D1F9B.e.80/text - {}
RESULT: {}
COMMAND: GET /session/754898800af32f8f6e64ce1e47efa30d/element/f.D46A208E437182318BC0D7275441E5DF.d.CDDE38AE56EEC9B5448E5AA04C3D1F9B.e.81/text - {}
RESULT: {}
COMMAND: GET /session/754898800af32f8f6e64ce1e47efa30d/element/f.D46A208E437182318BC0D7275441E5DF.d.CDDE38AE56EEC9B5448E5AA04C3D1F9B.e.82/text - {}
RESULT: {}
COMMAND: GET /session/754898800af32f8f6e64ce1e47efa30d/element/f.D46A208E437182318BC0D7275441E5DF.d.CDDE38AE56EEC9B5448E5AA04C3D1F9B.e.83/text - {}
RESULT: {}
COMMAND: GET /session/754898800af32f8f6e64ce1e47efa30d/element/f.D46A208E437182318BC0D7275441E5DF.d.CDDE38AE56EEC9B5448E5AA04C3D1F9B.e.84/text - {}
RESULT: {}
COMMAND: GET /session/754898800af32f8f6e64ce1e47efa30d/element/f.D46A208E437182318BC0D7275441E5DF.d.CDDE38AE56EEC9B5448E5AA04C3D1F9B.e.85/text - {}
RESULT: {}
COMMAND: GET /session/754898800af32f8f6e64ce1e47efa30d/element/f.D46A208E437182318BC0D7275441E5DF.d.CDDE38AE56EEC9B5448E5AA04C3D1F9B.e.86/text - {}
RESULT: {}
COMMAND: GET /session/754898800af32f8f6e64ce1e47efa30d/element/f.D46A208E437182318BC0D7275441E5DF.d.CDDE38AE56EEC9B5448E5AA04C3D1F9B.e.87/text - {}
RESULT: {}
COMMAND: GET /session/754898800af32f8f6e64ce1e47efa30d/element/f.D46A208E437182318BC0D7275441E5DF.d.CDDE38AE56EEC9B5448E5AA04C3D1F9B.e.88/text - {}
RESULT: {}
COMMAND: GET /session/754898800af32f8f6e64ce1e47efa30d/element/f.D46A208E437182318BC0D7275441E5DF.d.CDDE38AE56EEC9B5448E5AA04C3D1F9B.e.89/text - {}
RESULT: {}
COMMAND: GET /session/754898800af32f8f6e64ce1e47efa30d/element/f.D46A208E437182318BC0D7275441E5DF.d.CDDE38AE56EEC9B5448E5AA04C3D1F9B.e.90/text - {}
RESULT: {}
COMMAND: GET /session/754898800af32f8f6e64ce1e47efa30d/element/f.D46A208E437182318BC0D7275441E5DF.d.CDDE38AE56EEC9B5448E5AA04C3D1F9B.e.91/text - {}
RESULT: {}
COMMAND: GET /session/754898800af32f8f6e64ce1e47efa30d/element/f.D46A208E437182318BC0D7275441E5DF.d.CDDE38AE56EEC9B5448E5AA04C3D1F9B.e.92/text - {}
RESULT: {}
COMMAND: GET /session/754898800af32f8f6e64ce1e47efa30d/element/f.D46A208E437182318BC0D7275441E5DF.d.CDDE38AE56EEC9B5448E5AA04C3D1F9B.e.93/text - {}
RESULT: {}
COMMAND: GET /session/754898800af32f8f6e64ce1e47efa30d/element/f.D46A208E437182318BC0D7275441E5DF.d.CDDE38AE56EEC9B5448E5AA04C3D1F9B.e.94/text - {}
RESULT: {}
COMMAND: GET /session/754898800af32f8f6e64ce1e47efa30d/element/f.D46A208E437182318BC0D7275441E5DF.d.CDDE38AE56EEC9B5448E5AA04C3D1F9B.e.95/text - {}
RESULT: {}
COMMAND: GET /session/754898800af32f8f6e64ce1e47efa30d/element/f.D46A208E437182318BC0D7275441E5DF.d.CDDE38AE56EEC9B5448E5AA04C3D1F9B.e.96/text - {}
RESULT: {}
COMMAND: GET /session/754898800af32f8f6e64ce1e47efa30d/element/f.D46A208E437182318BC0D7275441E5DF.d.CDDE38AE56EEC9B5448E5AA04C3D1F9B.e.97/text - {}
RESULT: {}
COMMAND: GET /session/754898800af32f8f6e64ce1e47efa30d/element/f.D46A208E437182318BC0D7275441E5DF.d.CDDE38AE56EEC9B5448E5AA04C3D1F9B.e.98/text - {}
RESULT: {}
COMMAND: GET /session/754898800af32f8f6e64ce1e47efa30d/element/f.D46A208E437182318BC0D7275441E5DF.d.CDDE38AE56EEC9B5448E5AA04C3D1F9B.e.99/text - {}
RESULT: {}
COMMAND: GET /session/754898800af32f8f6e64ce1e47efa30d/element/f.D46A208E437182318BC0D7275441E5DF.d.CDDE38AE56EEC9B5448E5AA04C3D1F9B.e.100/text - {}
RESULT: {}
COMMAND: GET /session/754898800af32f8f6e64ce1e47efa30d/element/f.D46A208E437182318BC0D7275441E5DF.d.CDDE38AE56EEC9B5448E5AA04C3D1F9B.e.101/text - {}
RESULT: {}
COMMAND: GET /session/754898800af32f8f6e64ce1e47efa30d/element/f.D46A208E437182318BC0D7275441E5DF.d.CDDE38AE56EEC9B5448E5AA04C3D1F9B.e.102/text - {}
RESULT: {}
COMMAND: GET /session/754898800af32f8f6e64ce1e47efa30d/element/f.D46A208E437182318BC0D7275441E5DF.d.CDDE38AE56EEC9B5448E5AA04C3D1F9B.e.103/text - {}
RESULT: {}
COMMAND: GET /session/754898800af32f8f6e64ce1e47efa30d/element/f.D46A208E437182318BC0D7275441E5DF.d.CDDE38AE56EEC9B5448E5AA04C3D1F9B.e.104/text - {}
RESULT: {}
COMMAND: GET /session/754898800af32f8f6e64ce1e47efa30d/element/f.D46A208E437182318BC0D7275441E5DF.d.CDDE38AE56EEC9B5448E5AA04C3D1F9B.e.105/text - {}
RESULT: {}
COMMAND: GET /session/754898800af32f8f6e64ce1e47efa30d/element/f.D46A208E437182318BC0D7275441E5DF.d.CDDE38AE56EEC9B5448E5AA04C3D1F9B.e.106/text - {}
RESULT: {}
COMMAND: GET /session/754898800af32f8f6e64ce1e47efa30d/element/f.D46A208E437182318BC0D7275441E5DF.d.CDDE38AE56EEC9B5448E5AA04C3D1F9B.e.107/text - {}
RESULT: {}
COMMAND: GET /session/754898800af32f8f6e64ce1e47efa30d/element/f.D46A208E437182318BC0D7275441E5DF.d.CDDE38AE56EEC9B5448E5AA04C3D1F9B.e.108/text - {}
RESULT: {}
COMMAND: GET /session/754898800af32f8f6e64ce1e47efa30d/element/f.D46A208E437182318BC0D7275441E5DF.d.CDDE38AE56EEC9B5448E5AA04C3D1F9B.e.109/text - {}
RESULT: {}
COMMAND: GET /session/754898800af32f8f6e64ce1e47efa30d/element/f.D46A208E437182318BC0D7275441E5DF.d.CDDE38AE56EEC9B5448E5AA04C3D1F9B.e.110/text - {}
RESULT: {}
COMMAND: GET /session/754898800af32f8f6e64ce1e47efa30d/element/f.D46A208E437182318BC0D7275441E5DF.d.CDDE38AE56EEC9B5448E5AA04C3D1F9B.e.111/text - {}
RESULT: {}
COMMAND: GET /session/754898800af32f8f6e64ce1e47efa30d/element/f.D46A208E437182318BC0D7275441E5DF.d.CDDE38AE56EEC9B5448E5AA04C3D1F9B.e.112/text - {}
RESULT: {}
COMMAND: GET /session/754898800af32f8f6e64ce1e47efa30d/element/f.D46A208E437182318BC0D7275441E5DF.d.CDDE38AE56EEC9B5448E5AA04C3D1F9B.e.113/text - {}
RESULT: {}
COMMAND: GET /session/754898800af32f8f6e64ce1e47efa30d/element/f.D46A208E437182318BC0D7275441E5DF.d.CDDE38AE56EEC9B5448E5AA04C3D1F9B.e.114/text - {}
RESULT: {}
COMMAND: GET /session/754898800af32f8f6e64ce1e47efa30d/element/f.D46A208E437182318BC0D7275441E5DF.d.CDDE38AE56EEC9B5448E5AA04C3D1F9B.e.115/text - {}
RESULT: {}
COMMAND: GET /session/754898800af32f8f6e64ce1e47efa30d/screenshot - {}
RESULT: {}
COMMAND: DELETE /session/754898800af32f8f6e64ce1e47efa30d - {}
RESULT: {}
]]></system-out>
      <system-err><![CDATA[
Error: expect(received).toEqual(expected) // deep equality

- Expected  - 1
+ Received  + 0

  Array [
    "Productos",
    "Sobre Nosotros",
    "Contáctenos",
    "INICIE iCONSULTA GRATIS",
-   "INICIAR SESIÓN",
    "EMPIEZA CON iCONSULT",
    "Impotencia",
    "Eyaculación precoz",
    "Alopecia",
    "Herpes Genital",
    "INICIE iCONSULTA GRATIS",
    "Conozca más sobre Viapromeds y el Dr. Daniel Linares, MD.",
    "Tadalafil",
    "Sildenafil",
    "Paroxetine",
    "Finasteride",
    "Acyclovir",
    "Términos y Condiciones",
    "Consentimiento de Telemedicina",
    "Política de Privacidad",
    "Sobre Nosotros",
    "Contáctenos",
    "Cómo funciona",
    "Preguntas Frecuentes",
    "Blog",
  ]
    at Context.<anonymous> (file:///Users/priyankashah/Documents/VPM_WDIO_Automation/tpl-wdio-vpm/test/specs/home_test.ts:35:29)
]]></system-err>
    </testcase>
  </testsuite>
</testsuites>